{
  "stats": {
    "suites": 1,
    "tests": 4,
    "passes": 4,
    "pending": 0,
    "failures": 0,
    "start": "2024-01-22T04:55:33.777Z",
    "end": "2024-01-22T04:55:37.271Z",
    "duration": 3494,
    "testsRegistered": 4,
    "passPercent": 100,
    "pendingPercent": 0,
    "other": 0,
    "hasOther": false,
    "skipped": 0,
    "hasSkipped": false
  },
  "results": [
    {
      "uuid": "acda8438-827b-48c1-930b-3aa71857568a",
      "title": "",
      "fullFile": "C:\\Users\\srika\\AsbApiAutomation\\GraphqlTests\\Chaining2-tests.js",
      "file": "\\GraphqlTests\\Chaining2-tests.js",
      "beforeHooks": [],
      "afterHooks": [],
      "tests": [],
      "suites": [
        {
          "uuid": "4f738078-8a14-4d05-9d68-61aae82c4ab2",
          "title": "GraphQL FUNCTIONS API CRUD Tests",
          "fullFile": "C:\\Users\\srika\\AsbApiAutomation\\GraphqlTests\\Chaining2-tests.js",
          "file": "\\GraphqlTests\\Chaining2-tests.js",
          "beforeHooks": [
            {
              "title": "\"before each\" hook in \"GraphQL FUNCTIONS API CRUD Tests\"",
              "fullTitle": "GraphQL FUNCTIONS API CRUD Tests \"before each\" hook in \"GraphQL FUNCTIONS API CRUD Tests\"",
              "timedOut": false,
              "duration": 0,
              "state": null,
              "speed": null,
              "pass": false,
              "fail": false,
              "pending": false,
              "context": null,
              "code": "authorizationHeader = {\n  'Authorization': `eyJraWQiOiJJTjhraElkamVvQjhUR1NrMnk1UWhtNE5SWkJNLWpLLWhOWWpsVzNqa19BIiwiYWxnIjoiUlMyNTYifQ.eyJ2ZXIiOjEsImp0aSI6IkFULjlqUHl1Y0xpT0YyZEx2bDJUM2VBUGhMdTJFSGd4c1l2WnVlb1hFZnBjT3cub2FyMjA0OW5tbDh2M0gzSkMyOTciLCJpc3MiOiJodHRwczovL2VtbWVzLm9rdGEuY29tL29hdXRoMi9kZWZhdWx0IiwiYXVkIjoiYXBpOi8vZGVmYXVsdCIsImlhdCI6MTcwNTg5OTI1OCwiZXhwIjoxNzA1OTAyODU4LCJjaWQiOiIwb2EydTkxbnY2a0ROaXdLdTI5NyIsInVpZCI6IjAwdWt4ZGpsN2drck9MVVJUMjk3Iiwic2NwIjpbIm9mZmxpbmVfYWNjZXNzIiwicHJvZmlsZSIsImVtYWlsIiwib3BlbmlkIl0sImF1dGhfdGltZSI6MTcwNTg5OTE4Nywic3ViIjoiZS5zcmlrYW50aEBlbW1lcy5jb20ifQ.Hj7OVsLfS4evdY5UdDhc-je1zeOAYXmvMrzXs6-RqdVln_PB6odfFetEtERjKzfKy1-AXUN_7kGEKe79iLOWYxlM48aXjvTWTZILgTWSPzDhiqFuNOt3eQy8vGlcUffxghA1DVGZmjVsVzCuFmqoH1ybsgGTNGpHLavUI8wZjSm98GH0tMefR0U-VVW0hb6iyksP4gcpg8MMGmEYwkXkFkkeA2c2uBfQjjW5A0dTdm5l5_oW5eIA5IWv59GG5VLDo9E8_GG_Td_K09LtclY3-3x2TtQmos5HNLvNmExlAICWBoaJxQYGjYsIijB8BpQn3rcVjFDYv1HGL2rEMg3mXg`, // Replace with your actual authorization token\n  'Content-Type': 'application/json',\n};\ngraphqlEndpoint = \"https://dev-sb-api.advantage-eclinical.com/studyBuilder\";",
              "err": {},
              "uuid": "4c76b576-eb24-4d12-bf6e-dac59bcdf155",
              "parentUUID": "4f738078-8a14-4d05-9d68-61aae82c4ab2",
              "isHook": true,
              "skipped": false
            }
          ],
          "afterHooks": [],
          "tests": [
            {
              "title": "should create a resource",
              "fullTitle": "GraphQL FUNCTIONS API CRUD Tests should create a resource",
              "timedOut": false,
              "duration": 811,
              "state": "passed",
              "speed": "slow",
              "pass": true,
              "fail": false,
              "pending": false,
              "context": null,
              "code": "const queryPath = 'C:/Users/srika/AsbApiAutomation/Graphql_queries/Functions/CreateFunction.graphql';\nconst query = await fs.readFile(queryPath, 'utf8');\nconst variablesPath = 'C:/Users/srika/AsbApiAutomation/Graphql_variables/Functions_var/CreateFunction.json';\nconst variables = JSON.parse(await fs.readFile(variablesPath, 'utf8'));\n// const {faker}=require(\"@faker-js/faker\");\n// variables.name = faker.name.findName(); \ntry {\n  const createResponse = await axios.post(\n    graphqlEndpoint,\n    { query, variables },\n    {\n      headers: authorizationHeader\n    }\n  );\n  console.log(createResponse);\n  console.log(JSON.stringify(createResponse.data, null, 2));\n  expect(createResponse.status).to.equal(200);\n} catch (error) {\n  console.error('GraphQL Error:', error.message);\n  console.log('GraphQL Response Data:', JSON.stringify(error.response?.data, null, 2));\n  throw error;\n}",
              "err": {},
              "uuid": "c0a6e3e8-977a-4ca1-8c8f-10bcd02be8cb",
              "parentUUID": "4f738078-8a14-4d05-9d68-61aae82c4ab2",
              "isHook": false,
              "skipped": false
            },
            {
              "title": "should retrieve the created resource",
              "fullTitle": "GraphQL FUNCTIONS API CRUD Tests should retrieve the created resource",
              "timedOut": false,
              "duration": 762,
              "state": "passed",
              "speed": "slow",
              "pass": true,
              "fail": false,
              "pending": false,
              "context": null,
              "code": "const queryPath = 'C:/Users/srika/AsbApiAutomation/Graphql_queries/Functions/GetFunction.graphql';\nconst query = await fs.readFile(queryPath, 'utf8');\nconst variablesPath = 'C:/Users/srika/AsbApiAutomation/Graphql_variables/Functions_var/GetFunction.json';\nconst variables = JSON.parse(await fs.readFile(variablesPath, 'utf8'));\ntry {\n  const retrieveResponse = await axios.post(\n    graphqlEndpoint,\n    { query, variables },\n    {\n      headers: authorizationHeader\n    }\n  );\n  expect(retrieveResponse.status).to.equal(200);\n  expect(retrieveResponse.data).to.have.property('data');\n  const functions = retrieveResponse.data.data.functions;\n  expect(functions).to.be.an('array');\n  expect(functions).to.have.length.greaterThan(0);\n  const targetFunctionName = '12745';\n  const targetFunction = functions.find(func => func.name === targetFunctionName);\n  expect(targetFunction, `Function with name '${targetFunctionName}' not found`).to.not.be.undefined;\n  retrievedFunctionId = targetFunction.functionid;\n  console.log(`Function ID for ${targetFunctionName}:`, retrievedFunctionId);\n} catch (error) {\n  console.error('GraphQL Error:', error.message);\n  console.log('GraphQL Response Data:', JSON.stringify(error.response?.data, null, 2));\n  throw error;\n}",
              "err": {},
              "uuid": "c12d90c6-12bc-4085-8996-6e33be6d6289",
              "parentUUID": "4f738078-8a14-4d05-9d68-61aae82c4ab2",
              "isHook": false,
              "skipped": false
            },
            {
              "title": "should update the created resource",
              "fullTitle": "GraphQL FUNCTIONS API CRUD Tests should update the created resource",
              "timedOut": false,
              "duration": 668,
              "state": "passed",
              "speed": "slow",
              "pass": true,
              "fail": false,
              "pending": false,
              "context": null,
              "code": "const queryPath = 'C:/Users/srika/AsbApiAutomation/Graphql_queries/Functions/UpdateFunction.graphql';\nconst query = await fs.readFile(queryPath, 'utf8');\nconst variablesPath = 'C:/Users/srika/AsbApiAutomation/Graphql_variables/Functions_var/UpdateFunction.json';\nconst updateVariables = JSON.parse(await fs.readFile(variablesPath, 'utf8'));\nupdateVariables.functionid = retrievedFunctionId;\ntry {\n  const updateResponse = await axios.post(\n    graphqlEndpoint,\n    { query, variables: updateVariables },\n    {\n      headers: authorizationHeader\n    }\n  );\n  expect(updateResponse.status).to.equal(200);\n} catch (error) {\n  console.error('GraphQL Error:', error.message);\n  console.log('GraphQL Response Data:', JSON.stringify(error.response?.data, null, 2));\n  throw error;\n}",
              "err": {},
              "uuid": "a07a0f60-0631-4c97-9d21-b0bcbc2feed1",
              "parentUUID": "4f738078-8a14-4d05-9d68-61aae82c4ab2",
              "isHook": false,
              "skipped": false
            },
            {
              "title": "should delete the created resource",
              "fullTitle": "GraphQL FUNCTIONS API CRUD Tests should delete the created resource",
              "timedOut": false,
              "duration": 1244,
              "state": "passed",
              "speed": "slow",
              "pass": true,
              "fail": false,
              "pending": false,
              "context": null,
              "code": "const queryPath = 'C:/Users/srika/AsbApiAutomation/Graphql_queries/Functions/DeleteFunction.graphql';\nconst query = await fs.readFile(queryPath, 'utf8');\nconst variablesPath = 'C:/Users/srika/AsbApiAutomation/Graphql_variables/Functions_var/DeleteFunction.json';\nconst deleteVariables = JSON.parse(await fs.readFile(variablesPath, 'utf8'));\ndeleteVariables.functionid = retrievedFunctionId;\ntry {\n  const deleteResponse = await axios.post(\n    graphqlEndpoint,\n    { query, variables: deleteVariables },\n    {\n      headers: authorizationHeader\n    }\n  );\n  expect(deleteResponse.status).to.equal(200);\n} catch (error) {\n  console.error('GraphQL Error:', error.message);\n  console.log('GraphQL Response Data:', JSON.stringify(error.response?.data, null, 2));\n  throw error;\n}",
              "err": {},
              "uuid": "9bee6fbb-4759-40d6-8819-635e44616b3c",
              "parentUUID": "4f738078-8a14-4d05-9d68-61aae82c4ab2",
              "isHook": false,
              "skipped": false
            }
          ],
          "suites": [],
          "passes": [
            "c0a6e3e8-977a-4ca1-8c8f-10bcd02be8cb",
            "c12d90c6-12bc-4085-8996-6e33be6d6289",
            "a07a0f60-0631-4c97-9d21-b0bcbc2feed1",
            "9bee6fbb-4759-40d6-8819-635e44616b3c"
          ],
          "failures": [],
          "pending": [],
          "skipped": [],
          "duration": 3485,
          "root": false,
          "rootEmpty": false,
          "_timeout": 3000
        }
      ],
      "passes": [],
      "failures": [],
      "pending": [],
      "skipped": [],
      "duration": 0,
      "root": true,
      "rootEmpty": true,
      "_timeout": 3000
    }
  ],
  "meta": {
    "mocha": {
      "version": "10.2.0"
    },
    "mochawesome": {
      "options": {
        "quiet": false,
        "reportFilename": "mochawesome",
        "saveHtml": true,
        "saveJson": true,
        "consoleReporter": "spec",
        "useInlineDiffs": false,
        "code": true
      },
      "version": "7.1.3"
    },
    "marge": {
      "options": null,
      "version": "6.2.0"
    }
  }
}